d:\work\project\vs_project\vs_project_test\processnetratedemo\processnetratedemo\debug\processnetratedemo.pch
d:\work\project\vs_project\vs_project_test\processnetratedemo\processnetratedemo\debug\vc120.pdb
d:\work\project\vs_project\vs_project_test\processnetratedemo\processnetratedemo\debug\vc120.idb
d:\work\project\vs_project\vs_project_test\processnetratedemo\processnetratedemo\debug\stdafx.obj
d:\work\project\vs_project\vs_project_test\processnetratedemo\processnetratedemo\debug\cpucheck.obj
d:\work\project\vs_project\vs_project_test\processnetratedemo\processnetratedemo\debug\processnetratedemo.obj
d:\work\project\vs_project\vs_project_test\processnetratedemo\processnetratedemo\debug\pcapsource.obj
d:\work\project\vs_project\vs_project_test\processnetratedemo\processnetratedemo\debug\virtualsource.obj
d:\work\project\vs_project\vs_project_test\processnetratedemo\processnetratedemo\debug\portcache.obj
d:\work\project\vs_project\vs_project_test\processnetratedemo\processnetratedemo\debug\processcache.obj
d:\work\project\vs_project\vs_project_test\processnetratedemo\processnetratedemo\debug\processmodel.obj
d:\work\project\vs_project\vs_project_test\processnetratedemo\processnetratedemo\debug\profileitem.obj
d:\work\project\vs_project\vs_project_test\processnetratedemo\processnetratedemo\debug\singlelock.obj
d:\work\project\vs_project\vs_project_test\processnetratedemo\debug\processnetratedemo.ilk
d:\work\project\vs_project\vs_project_test\processnetratedemo\debug\processnetratedemo.exe
d:\work\project\vs_project\vs_project_test\processnetratedemo\debug\processnetratedemo.pdb
d:\work\project\vs_project\vs_project_test\processnetratedemo\processnetratedemo\debug\processn.97583c40.tlog\cl.command.1.tlog
d:\work\project\vs_project\vs_project_test\processnetratedemo\processnetratedemo\debug\processn.97583c40.tlog\cl.read.1.tlog
d:\work\project\vs_project\vs_project_test\processnetratedemo\processnetratedemo\debug\processn.97583c40.tlog\cl.write.1.tlog
d:\work\project\vs_project\vs_project_test\processnetratedemo\processnetratedemo\debug\processn.97583c40.tlog\link.command.1.tlog
d:\work\project\vs_project\vs_project_test\processnetratedemo\processnetratedemo\debug\processn.97583c40.tlog\link.read.1.tlog
d:\work\project\vs_project\vs_project_test\processnetratedemo\processnetratedemo\debug\processn.97583c40.tlog\link.write.1.tlog
